<?xml version="1.0" encoding="UTF-8"?>
<testng-results ignored="0" total="3" passed="3" failed="0" skipped="0">
  <reporter-output>
  </reporter-output>
  <suite started-at="2024-10-13T12:31:37 IST" name="Suite" finished-at="2024-10-13T12:31:37 IST" duration-ms="48">
    <groups>
    </groups>
    <test started-at="2024-10-13T12:31:37 IST" name="Test" finished-at="2024-10-13T12:31:37 IST" duration-ms="48">
      <class name="testpackage.testcases">
        <test-method signature="addition()[pri:0, instance:testpackage.testcases@53fdffa1]" started-at="2024-10-13T12:31:37 IST" name="addition" finished-at="2024-10-13T12:31:37 IST" duration-ms="4" status="PASS">
          <reporter-output>
          </reporter-output>
        </test-method> <!-- addition -->
        <test-method signature="multiply()[pri:0, instance:testpackage.testcases@53fdffa1]" started-at="2024-10-13T12:31:37 IST" name="multiply" finished-at="2024-10-13T12:31:37 IST" duration-ms="0" status="PASS">
          <reporter-output>
          </reporter-output>
        </test-method> <!-- multiply -->
        <test-method signature="subtraction()[pri:0, instance:testpackage.testcases@53fdffa1]" started-at="2024-10-13T12:31:37 IST" name="subtraction" finished-at="2024-10-13T12:31:37 IST" duration-ms="1" status="PASS">
          <reporter-output>
          </reporter-output>
        </test-method> <!-- subtraction -->
      </class> <!-- testpackage.testcases -->
    </test> <!-- Test -->
  </suite> <!-- Suite -->
</testng-results>
